<?xml version="1.0" encoding="UTF-8"?>
<!-- Generated by org.testng.reporters.JUnitReportReporter -->
<testsuite hostname="DESKTOP-0PLJKRS" failures="0" tests="2" name="Sample.Test2" time="30.696" errors="0" timestamp="2023-08-22T19:28:02 IST" skipped="0">
  <testcase classname="Sample.Test2" name="QSpidersDynamicdropdown" time="11.074"/>
  <system-out/>
  <testcase classname="Sample.Test2" name="Brokenlinks" time="19.622"/>
  <system-out/>
</testsuite> <!-- Sample.Test2 -->
