<?xml version="1.0" encoding="UTF-8"?>
<!-- Generated by org.testng.reporters.JUnitReportReporter -->
<testsuite hostname="DESKTOP-0PLJKRS" failures="0" tests="3" name="Sample.Test1" time="53.167" errors="0" timestamp="2023-08-22T18:57:26 IST" skipped="0">
  <testcase classname="Sample.Test1" name="newtest3" time="14.509"/>
  <system-out/>
  <testcase classname="Sample.Test1" name="newtest1" time="20.149"/>
  <system-out/>
  <testcase classname="Sample.Test1" name="newtest" time="18.509"/>
  <system-out/>
</testsuite> <!-- Sample.Test1 -->
