<?xml version="1.0" encoding="UTF-8"?>
<!-- Generated by org.testng.reporters.JUnitReportReporter -->
<testsuite hostname="DESKTOP-0PLJKRS" failures="0" tests="1" name="Sample.Test3" time="72.512" errors="0" timestamp="2023-08-22T20:02:17 IST" skipped="0">
  <testcase classname="Sample.Test3" name="parallel" time="72.512"/>
  <system-out/>
</testsuite> <!-- Sample.Test3 -->
