<?xml version="1.0" encoding="UTF-8"?>
<!-- Generated by org.testng.reporters.JUnitReportReporter -->
<testsuite hostname="DESKTOP-0PLJKRS" failures="0" tests="3" name="Sample.Test1" time="43.533" errors="0" timestamp="2023-08-22T21:49:06 IST" skipped="0">
  <testcase classname="Sample.Test1" name="newtest3" time="13.930"/>
  <system-out/>
  <testcase classname="Sample.Test1" name="newtest1" time="15.520"/>
  <system-out/>
  <testcase classname="Sample.Test1" name="newtest" time="14.083"/>
  <system-out/>
</testsuite> <!-- Sample.Test1 -->
